[0m12:40:53.321996 [debug] [MainThread]: Sending event: {'category': 'dbt', 'action': 'invocation', 'label': 'start', 'context': [<snowplow_tracker.self_describing_json.SelfDescribingJson object at 0x0000026F4C216C90>, <snowplow_tracker.self_describing_json.SelfDescribingJson object at 0x0000026F4C216C00>, <snowplow_tracker.self_describing_json.SelfDescribingJson object at 0x0000026F4C216AE0>]}


============================== 12:40:53.348694 | ff539dcf-9043-4e6d-bc4a-60c93006f03b ==============================
[0m12:40:53.348694 [info ] [MainThread]: Running with dbt=1.7.14
[0m12:40:53.348694 [debug] [MainThread]: running dbt with arguments {'printer_width': '80', 'indirect_selection': 'eager', 'write_json': 'True', 'log_cache_events': 'False', 'partial_parse': 'True', 'cache_selected_only': 'False', 'warn_error': 'None', 'version_check': 'True', 'profiles_dir': 'C:\\Users\\Kola Ademola\\.dbt', 'log_path': 'logs', 'fail_fast': 'False', 'debug': 'False', 'use_colors': 'True', 'use_experimental_parser': 'False', 'no_print': 'None', 'quiet': 'False', 'warn_error_options': 'WarnErrorOptions(include=[], exclude=[])', 'introspect': 'True', 'invocation_command': 'dbt init instacart_dbt', 'log_format': 'default', 'target_path': 'None', 'static_parser': 'True', 'send_anonymous_usage_stats': 'True'}
[0m12:40:53.348694 [debug] [MainThread]: Starter project path: C:\Users\Kola Ademola\Documents\Python Virtual Env\dbt_env\Lib\site-packages\dbt\include\starter_project
[0m12:40:53.379627 [info ] [MainThread]: 
Your new dbt project "instacart_dbt" was created!

For more information on how to configure the profiles.yml file,
please consult the dbt documentation here:

  https://docs.getdbt.com/docs/configure-your-profile

One more thing:

Need help? Don't hesitate to reach out to us via GitHub issues or on Slack:

  https://community.getdbt.com/

Happy modeling!

[0m12:40:53.394636 [info ] [MainThread]: Setting up your profile.
[0m12:41:43.920983 [info ] [MainThread]: Profile instacart_dbt written to C:\Users\Kola Ademola\.dbt\profiles.yml using target's profile_template.yml and your supplied values. Run 'dbt debug' to validate the connection.
[0m12:41:43.920983 [debug] [MainThread]: Command `dbt init` succeeded at 12:41:43.920983 after 50.81 seconds
[0m12:41:43.920983 [debug] [MainThread]: Sending event: {'category': 'dbt', 'action': 'invocation', 'label': 'end', 'context': [<snowplow_tracker.self_describing_json.SelfDescribingJson object at 0x0000026F4BBB3B30>, <snowplow_tracker.self_describing_json.SelfDescribingJson object at 0x0000026F4ADEF1D0>, <snowplow_tracker.self_describing_json.SelfDescribingJson object at 0x0000026F4BFDC2F0>]}
[0m12:41:43.920983 [debug] [MainThread]: Flushing usage events
[0m12:42:19.083703 [debug] [MainThread]: Sending event: {'category': 'dbt', 'action': 'invocation', 'label': 'start', 'context': [<snowplow_tracker.self_describing_json.SelfDescribingJson object at 0x000002C49D339A30>, <snowplow_tracker.self_describing_json.SelfDescribingJson object at 0x000002C49D33A330>, <snowplow_tracker.self_describing_json.SelfDescribingJson object at 0x000002C49D339E80>]}


============================== 12:42:19.088318 | 6e42643b-32cd-43c7-9281-29de090fec81 ==============================
[0m12:42:19.088318 [info ] [MainThread]: Running with dbt=1.7.14
[0m12:42:19.092315 [debug] [MainThread]: running dbt with arguments {'printer_width': '80', 'indirect_selection': 'eager', 'log_cache_events': 'False', 'write_json': 'True', 'partial_parse': 'True', 'cache_selected_only': 'False', 'warn_error': 'None', 'debug': 'False', 'profiles_dir': 'C:\\Users\\Kola Ademola\\.dbt', 'log_path': 'logs', 'version_check': 'True', 'fail_fast': 'False', 'use_colors': 'True', 'use_experimental_parser': 'False', 'no_print': 'None', 'quiet': 'False', 'warn_error_options': 'WarnErrorOptions(include=[], exclude=[])', 'static_parser': 'True', 'log_format': 'default', 'invocation_command': 'dbt debug', 'target_path': 'None', 'introspect': 'True', 'send_anonymous_usage_stats': 'True'}
[0m12:42:19.093913 [info ] [MainThread]: dbt version: 1.7.14
[0m12:42:19.094420 [info ] [MainThread]: python version: 3.12.3
[0m12:42:19.095722 [info ] [MainThread]: python path: C:\Users\Kola Ademola\Documents\Python Virtual Env\dbt_env\Scripts\python.exe
[0m12:42:19.095722 [info ] [MainThread]: os info: Windows-11-10.0.22621-SP0
[0m12:42:19.184771 [info ] [MainThread]: Using profiles dir at C:\Users\Kola Ademola\.dbt
[0m12:42:19.184771 [info ] [MainThread]: Using profiles.yml file at C:\Users\Kola Ademola\.dbt\profiles.yml
[0m12:42:19.188653 [info ] [MainThread]: Using dbt_project.yml file at C:\Users\Kola Ademola\Documents\Gits\instacart_dbt_project\dbt_project.yml
[0m12:42:19.188653 [error] [MainThread]: Encountered an error:
Internal Error
  Profile should not be None if loading profile completed
[0m12:42:19.190580 [debug] [MainThread]: Command `dbt debug` failed at 12:42:19.190580 after 0.26 seconds
[0m12:42:19.190580 [debug] [MainThread]: Sending event: {'category': 'dbt', 'action': 'invocation', 'label': 'end', 'context': [<snowplow_tracker.self_describing_json.SelfDescribingJson object at 0x000002C49D21C890>, <snowplow_tracker.self_describing_json.SelfDescribingJson object at 0x000002C49D24A000>, <snowplow_tracker.self_describing_json.SelfDescribingJson object at 0x000002C49D1EF4D0>]}
[0m12:42:19.190580 [debug] [MainThread]: Flushing usage events
[0m12:44:59.153811 [debug] [MainThread]: Sending event: {'category': 'dbt', 'action': 'invocation', 'label': 'start', 'context': [<snowplow_tracker.self_describing_json.SelfDescribingJson object at 0x000001951C43B620>, <snowplow_tracker.self_describing_json.SelfDescribingJson object at 0x000001951C43AC30>, <snowplow_tracker.self_describing_json.SelfDescribingJson object at 0x000001951C439730>]}


============================== 12:44:59.153811 | 6f167794-d8d5-47e1-91fe-8d6102255759 ==============================
[0m12:44:59.153811 [info ] [MainThread]: Running with dbt=1.7.14
[0m12:44:59.153811 [debug] [MainThread]: running dbt with arguments {'printer_width': '80', 'indirect_selection': 'eager', 'write_json': 'True', 'log_cache_events': 'False', 'partial_parse': 'True', 'cache_selected_only': 'False', 'warn_error': 'None', 'fail_fast': 'False', 'version_check': 'True', 'log_path': 'logs', 'debug': 'False', 'profiles_dir': 'C:\\Users\\Kola Ademola\\.dbt', 'use_colors': 'True', 'use_experimental_parser': 'False', 'no_print': 'None', 'quiet': 'False', 'warn_error_options': 'WarnErrorOptions(include=[], exclude=[])', 'invocation_command': 'dbt debug', 'log_format': 'default', 'static_parser': 'True', 'target_path': 'None', 'introspect': 'True', 'send_anonymous_usage_stats': 'True'}
[0m12:44:59.160965 [info ] [MainThread]: dbt version: 1.7.14
[0m12:44:59.162406 [info ] [MainThread]: python version: 3.12.3
[0m12:44:59.163743 [info ] [MainThread]: python path: C:\Users\Kola Ademola\Documents\Python Virtual Env\dbt_env\Scripts\python.exe
[0m12:44:59.163743 [info ] [MainThread]: os info: Windows-11-10.0.22621-SP0
[0m12:44:59.261464 [info ] [MainThread]: Using profiles dir at C:\Users\Kola Ademola\.dbt
[0m12:44:59.261464 [info ] [MainThread]: Using profiles.yml file at C:\Users\Kola Ademola\.dbt\profiles.yml
[0m12:44:59.261464 [info ] [MainThread]: Using dbt_project.yml file at C:\Users\Kola Ademola\Documents\Gits\instacart_dbt_project\dbt_project.yml
[0m12:44:59.261464 [error] [MainThread]: Encountered an error:
Internal Error
  Profile should not be None if loading profile completed
[0m12:44:59.261464 [debug] [MainThread]: Command `dbt debug` failed at 12:44:59.261464 after 0.26 seconds
[0m12:44:59.261464 [debug] [MainThread]: Sending event: {'category': 'dbt', 'action': 'invocation', 'label': 'end', 'context': [<snowplow_tracker.self_describing_json.SelfDescribingJson object at 0x000001951C2ECA70>, <snowplow_tracker.self_describing_json.SelfDescribingJson object at 0x000001951C3229F0>, <snowplow_tracker.self_describing_json.SelfDescribingJson object at 0x000001951BB72000>]}
[0m12:44:59.276768 [debug] [MainThread]: Flushing usage events
